# JRE version: Java(TM) SE Runtime Environment 18.9 (11.0.15.1+2) (build 11.0.15.1+2-LTS-10)
# Java VM: Java HotSpot(TM) 64-Bit Server VM 18.9 (11.0.15.1+2-LTS-10, mixed mode, tiered, compressed oops, g1 gc, windows-amd64)
Heap:
 garbage-first heap   total 262144K, used 145044K [0x00000000e0000000, 0x0000000100000000)
  region size 1024K, 108 young (110592K), 7 survivors (7168K)
 Metaspace       used 50766K, capacity 52088K, committed 52352K, reserved 301056K
  class space    used 6537K, capacity 7017K, committed 7040K, reserved 253952K
GC Heap History (10 events):
Event: 9.130 GC heap before
{Heap before GC invocations=3 (full 0):
 garbage-first heap   total 262144K, used 54051K [0x00000000e0000000, 0x0000000100000000)
  region size 1024K, 49 young (50176K), 11 survivors (11264K)
 Metaspace       used 28854K, capacity 29395K, committed 29568K, reserved 280576K
  class space    used 3661K, capacity 3878K, committed 3968K, reserved 253952K
}
Event: 9.144 GC heap after
{Heap after GC invocations=4 (full 0):
 garbage-first heap   total 262144K, used 19139K [0x00000000e0000000, 0x0000000100000000)
  region size 1024K, 4 young (4096K), 4 survivors (4096K)
 Metaspace       used 28854K, capacity 29395K, committed 29568K, reserved 280576K
  class space    used 3661K, capacity 3878K, committed 3968K, reserved 253952K
}
Event: 10.654 GC heap before
{Heap before GC invocations=4 (full 0):
 garbage-first heap   total 262144K, used 69315K [0x00000000e0000000, 0x0000000100000000)
  region size 1024K, 52 young (53248K), 4 survivors (4096K)
 Metaspace       used 35030K, capacity 35713K, committed 35840K, reserved 286720K
  class space    used 4382K, capacity 4614K, committed 4736K, reserved 253952K
}
Event: 10.668 GC heap after
{Heap after GC invocations=5 (full 0):
 garbage-first heap   total 262144K, used 22577K [0x00000000e0000000, 0x0000000100000000)
  region size 1024K, 7 young (7168K), 7 survivors (7168K)
 Metaspace       used 35030K, capacity 35713K, committed 35840K, reserved 286720K
  class space    used 4382K, capacity 4614K, committed 4736K, reserved 253952K
}
Event: 13.409 GC heap before
{Heap before GC invocations=6 (full 0):
 garbage-first heap   total 262144K, used 117809K [0x00000000e0000000, 0x0000000100000000)
  region size 1024K, 100 young (102400K), 7 survivors (7168K)
 Metaspace       used 42958K, capacity 43845K, committed 43904K, reserved 292864K
  class space    used 5655K, capacity 5978K, committed 6016K, reserved 253952K
}
Event: 13.423 GC heap after
{Heap after GC invocations=7 (full 0):
 garbage-first heap   total 262144K, used 26192K [0x00000000e0000000, 0x0000000100000000)
  region size 1024K, 10 young (10240K), 10 survivors (10240K)
 Metaspace       used 42958K, capacity 43845K, committed 43904K, reserved 292864K
  class space    used 5655K, capacity 5978K, committed 6016K, reserved 253952K
}
Event: 17.063 GC heap before
{Heap before GC invocations=7 (full 0):
 garbage-first heap   total 262144K, used 156240K [0x00000000e0000000, 0x0000000100000000)
  region size 1024K, 137 young (140288K), 10 survivors (10240K)
 Metaspace       used 46559K, capacity 47539K, committed 47616K, reserved 296960K
  class space    used 6033K, capacity 6391K, committed 6400K, reserved 253952K
}
Event: 17.105 GC heap after
{Heap after GC invocations=8 (full 0):
 garbage-first heap   total 262144K, used 36819K [0x00000000e0000000, 0x0000000100000000)
  region size 1024K, 18 young (18432K), 18 survivors (18432K)
 Metaspace       used 46559K, capacity 47539K, committed 47616K, reserved 296960K
  class space    used 6033K, capacity 6391K, committed 6400K, reserved 253952K
}
Event: 20.512 GC heap before
{Heap before GC invocations=8 (full 0):
 garbage-first heap   total 262144K, used 173011K [0x00000000e0000000, 0x0000000100000000)
  region size 1024K, 151 young (154624K), 18 survivors (18432K)
 Metaspace       used 47115K, capacity 48149K, committed 48384K, reserved 296960K
  class space    used 6040K, capacity 6400K, committed 6400K, reserved 253952K
}
Event: 20.644 GC heap after
{Heap after GC invocations=9 (full 0):
 garbage-first heap   total 262144K, used 42644K [0x00000000e0000000, 0x0000000100000000)
  region size 1024K, 7 young (7168K), 7 survivors (7168K)
 Metaspace       used 47115K, capacity 48149K, committed 48384K, reserved 296960K
  class space    used 6040K, capacity 6400K, committed 6400K, reserved 253952K
}

