# JRE version: Java(TM) SE Runtime Environment 18.9 (11.0.15.1+2) (build 11.0.15.1+2-LTS-10)
# Java VM: Java HotSpot(TM) 64-Bit Server VM 18.9 (11.0.15.1+2-LTS-10, mixed mode, tiered, compressed oops, g1 gc, windows-amd64)
Heap:
 garbage-first heap   total 262144K, used 144147K [0x00000000e0000000, 0x0000000100000000)
  region size 1024K, 2 young (2048K), 1 survivors (1024K)
 Metaspace       used 77779K, capacity 79424K, committed 80128K, reserved 325632K
  class space    used 9234K, capacity 9810K, committed 9984K, reserved 253952K
GC Heap History (10 events):
Event: 1271.234 GC heap before
{Heap before GC invocations=54 (full 0):
 garbage-first heap   total 262144K, used 217372K [0x00000000e0000000, 0x0000000100000000)
  region size 1024K, 77 young (78848K), 5 survivors (5120K)
 Metaspace       used 77516K, capacity 79177K, committed 79872K, reserved 325632K
  class space    used 9205K, capacity 9789K, committed 9984K, reserved 253952K
}
Event: 1271.249 GC heap after
{Heap after GC invocations=55 (full 0):
 garbage-first heap   total 262144K, used 148841K [0x00000000e0000000, 0x0000000100000000)
  region size 1024K, 9 young (9216K), 9 survivors (9216K)
 Metaspace       used 77516K, capacity 79177K, committed 79872K, reserved 325632K
  class space    used 9205K, capacity 9789K, committed 9984K, reserved 253952K
}
Event: 1271.284 GC heap before
{Heap before GC invocations=55 (full 0):
 garbage-first heap   total 262144K, used 151913K [0x00000000e0000000, 0x0000000100000000)
  region size 1024K, 12 young (12288K), 9 survivors (9216K)
 Metaspace       used 77541K, capacity 79177K, committed 79872K, reserved 325632K
  class space    used 9207K, capacity 9789K, committed 9984K, reserved 253952K
}
Event: 1271.312 GC heap after
{Heap after GC invocations=56 (full 0):
 garbage-first heap   total 262144K, used 145901K [0x00000000e0000000, 0x0000000100000000)
  region size 1024K, 2 young (2048K), 2 survivors (2048K)
 Metaspace       used 77541K, capacity 79177K, committed 79872K, reserved 325632K
  class space    used 9207K, capacity 9789K, committed 9984K, reserved 253952K
}
Event: 1271.909 GC heap before
{Heap before GC invocations=56 (full 0):
 garbage-first heap   total 262144K, used 218605K [0x00000000e0000000, 0x0000000100000000)
  region size 1024K, 73 young (74752K), 2 survivors (2048K)
 Metaspace       used 77606K, capacity 79241K, committed 80128K, reserved 325632K
  class space    used 9209K, capacity 9789K, committed 9984K, reserved 253952K
}
Event: 1271.913 GC heap after
{Heap after GC invocations=57 (full 0):
 garbage-first heap   total 262144K, used 144711K [0x00000000e0000000, 0x0000000100000000)
  region size 1024K, 1 young (1024K), 1 survivors (1024K)
 Metaspace       used 77606K, capacity 79241K, committed 80128K, reserved 325632K
  class space    used 9209K, capacity 9789K, committed 9984K, reserved 253952K
}
Event: 1272.804 GC heap before
{Heap before GC invocations=58 (full 0):
 garbage-first heap   total 262144K, used 220487K [0x00000000e0000000, 0x0000000100000000)
  region size 1024K, 74 young (75776K), 1 survivors (1024K)
 Metaspace       used 77614K, capacity 79241K, committed 80128K, reserved 325632K
  class space    used 9210K, capacity 9789K, committed 9984K, reserved 253952K
}
Event: 1272.809 GC heap after
{Heap after GC invocations=59 (full 0):
 garbage-first heap   total 262144K, used 151160K [0x00000000e0000000, 0x0000000100000000)
  region size 1024K, 7 young (7168K), 7 survivors (7168K)
 Metaspace       used 77614K, capacity 79241K, committed 80128K, reserved 325632K
  class space    used 9210K, capacity 9789K, committed 9984K, reserved 253952K
}
Event: 1272.830 GC heap before
{Heap before GC invocations=59 (full 0):
 garbage-first heap   total 262144K, used 156280K [0x00000000e0000000, 0x0000000100000000)
  region size 1024K, 12 young (12288K), 7 survivors (7168K)
 Metaspace       used 77614K, capacity 79241K, committed 80128K, reserved 325632K
  class space    used 9210K, capacity 9789K, committed 9984K, reserved 253952K
}
Event: 1272.836 GC heap after
{Heap after GC invocations=60 (full 0):
 garbage-first heap   total 262144K, used 145552K [0x00000000e0000000, 0x0000000100000000)
  region size 1024K, 1 young (1024K), 1 survivors (1024K)
 Metaspace       used 77614K, capacity 79241K, committed 80128K, reserved 325632K
  class space    used 9210K, capacity 9789K, committed 9984K, reserved 253952K
}

